mktextfm FZShuSong-Z01/OT
mktextfm FZShuSong-Z01/OT
mktextfm FZKai-Z03/OT
mktextfm FZKai-Z03/B/OT
mktextfm FZHei-B01/OT
mktextfm FZHei-B01/I/OT
mktextfm FZShuSong-Z01/OT
mktextfm FZShuSong-Z01/BI/OT
mktextfm FZShuSong-Z01/OT
mktextfm FZShuSong-Z01/OT
mktextfm FZHei-B01/OT
mktextfm FZHei-B01/OT
mktextfm FZKai-Z03/OT
mktextfm FZKai-Z03/OT
mktextfm FontAwesome
mktextfm FontAwesome
mktextfm FontAwesome
mktextfm FontAwesome/BI
mktextfm FontAwesome
mktextfm FontAwesome/B
mktextfm FontAwesome
mktextfm FontAwesome/I
mktextfm FontAwesome
mktextfm FontAwesome
mktextfm FZHei-B01/OT
mktextfm FZHei-B01/OT
mktextfm FZHei-B01/OT
mktextfm FZHei-B01/OT
mktextfm FZHei-B01/BI/OT
mktextfm FZHei-B01/OT
mktextfm FZHei-B01/B/OT
mktextfm FZHei-B01/OT
mktextfm FZHei-B01/I/OT
mktextfm FZHei-B01/OT
mktextfm FZHei-B01/OT
mktextfm FZHei-B01/OT
mktextfm FZKai-Z03/OT
mktextfm FZShuSong-Z01/OT
mktextfm FZHei-B01/OT
mktextfm FZShuSong-Z01/OT
mktextfm FZHei-B01/OT
mktextfm FZHei-B01/OT
mktextfm FZHei-B01/OT
mktextfm FZShuSong-Z01/OT
mktextfm FontAwesome
mktextfm FZHei-B01/OT
mktextfm FZHei-B01/OT
mktextfm FZHei-B01/OT
